<?xml version="1.0" encoding="UTF-8"?>
<!-- Generated by org.testng.reporters.JUnitReportReporter -->
<testsuite hostname="DESKTOP-R4OT8L5" failures="0" tests="1" name="com.salesforce.testcases.TC002_CreateIndividuals" time="55.031" errors="0" timestamp="2025-07-07T14:54:26 IST" skipped="0">
  <testcase classname="com.salesforce.testcases.TC002_CreateIndividuals" name="createNewIndividuals" time="55.031"/>
  <system-out/>
</testsuite> <!-- com.salesforce.testcases.TC002_CreateIndividuals -->
