<?xml version="1.0" encoding="UTF-8"?>
<!-- Generated by org.testng.reporters.JUnitReportReporter -->
<testsuite hostname="DESKTOP-R4OT8L5" failures="0" tests="1" name="com.salesforce.testcases.TC004_DeleteIndividuals" time="32.655" errors="0" timestamp="2025-07-07T14:22:59 IST" skipped="0">
  <testcase classname="com.salesforce.testcases.TC004_DeleteIndividuals" name="deleteIndividuals" time="32.655"/>
  <system-out/>
</testsuite> <!-- com.salesforce.testcases.TC004_DeleteIndividuals -->
