<?xml version="1.0" encoding="UTF-8"?>
<!-- Generated by org.testng.reporters.JUnitReportReporter -->
<testsuite hostname="DESKTOP-R4OT8L5" failures="0" tests="1" name="com.salesforce.testcases.TC014_DeleteContact" time="33.934" errors="0" timestamp="2025-07-07T14:22:59 IST" skipped="0">
  <testcase classname="com.salesforce.testcases.TC014_DeleteContact" name="runCreateContact" time="33.934"/>
  <system-out/>
</testsuite> <!-- com.salesforce.testcases.TC014_DeleteContact -->
