<?xml version="1.0" encoding="UTF-8"?>
<!-- Generated by org.testng.reporters.JUnitReportReporter -->
<testsuite hostname="DESKTOP-R4OT8L5" failures="0" tests="1" name="com.salesforce.testcases.TC001_CreateNewCase" time="56.821" errors="0" timestamp="2025-07-07T14:46:39 IST" skipped="0">
  <testcase classname="com.salesforce.testcases.TC001_CreateNewCase" name="runCreateNewCase" time="56.821"/>
  <system-out/>
</testsuite> <!-- com.salesforce.testcases.TC001_CreateNewCase -->
